2023-08-27 22:00:00.806  INFO 19288 --- [restartedMain] c.e.s.SharePortfolioApplication          : Starting SharePortfolioApplication using Java 17.0.7 with PID 19288 (C:\Users\chldb\project\share_portfolio\bin\main started by chldb in C:\Users\chldb\project\share_portfolio)
2023-08-27 22:00:00.812  INFO 19288 --- [restartedMain] c.e.s.SharePortfolioApplication          : No active profile set, falling back to 1 default profile: "default"
2023-08-27 22:00:01.893  INFO 19288 --- [restartedMain] .s.d.r.c.RepositoryConfigurationDelegate : Bootstrapping Spring Data JPA repositories in DEFAULT mode.
2023-08-27 22:00:01.944  INFO 19288 --- [restartedMain] .s.d.r.c.RepositoryConfigurationDelegate : Finished Spring Data repository scanning in 47 ms. Found 3 JPA repository interfaces.
2023-08-27 22:00:02.530  INFO 19288 --- [restartedMain] o.s.b.w.embedded.tomcat.TomcatWebServer  : Tomcat initialized with port(s): 8080 (http)
2023-08-27 22:00:02.532  INFO 19288 --- [restartedMain] o.apache.catalina.core.StandardService   : Starting service [Tomcat]
2023-08-27 22:00:02.533  INFO 19288 --- [restartedMain] o.apache.catalina.core.StandardEngine    : Starting Servlet engine: [Apache Tomcat/10.1.11]
2023-08-27 22:00:02.602  INFO 19288 --- [restartedMain] o.a.c.c.C.[Tomcat].[localhost].[/]       : Initializing Spring embedded WebApplicationContext
2023-08-27 22:00:02.603  INFO 19288 --- [restartedMain] w.s.c.ServletWebServerApplicationContext : Root WebApplicationContext: initialization completed in 1760 ms
2023-08-27 22:00:02.648  INFO 19288 --- [restartedMain] com.zaxxer.hikari.HikariDataSource       : HikariPool-2 - Starting...
2023-08-27 22:00:04.742  INFO 19288 --- [restartedMain] com.zaxxer.hikari.pool.HikariPool        : HikariPool-2 - Added connection com.mysql.cj.jdbc.ConnectionImpl@4e6f33bf
2023-08-27 22:00:04.743  INFO 19288 --- [restartedMain] com.zaxxer.hikari.HikariDataSource       : HikariPool-2 - Start completed.
2023-08-27 22:00:04.744  INFO 19288 --- [restartedMain] o.s.b.a.h2.H2ConsoleAutoConfiguration    : H2 console available at '/h2-console'. Database available at 'jdbc:mysql://share-portfolio-server.mysql.database.azure.com:3306/test'
2023-08-27 22:00:04.804  INFO 19288 --- [restartedMain] o.hibernate.jpa.internal.util.LogHelper  : HHH000204: Processing PersistenceUnitInfo [name: default]
2023-08-27 22:00:04.830  INFO 19288 --- [restartedMain] o.h.b.i.BytecodeProviderInitiator        : HHH000021: Bytecode provider name : bytebuddy
2023-08-27 22:00:04.832  INFO 19288 --- [restartedMain] o.s.o.j.p.SpringPersistenceUnitInfo      : No LoadTimeWeaver setup: ignoring JPA class transformer
2023-08-27 22:00:04.846  WARN 19288 --- [restartedMain] org.hibernate.orm.deprecation            : HHH90000026: MySQL8Dialect has been deprecated; use org.hibernate.dialect.MySQLDialect instead
2023-08-27 22:00:04.873  INFO 19288 --- [restartedMain] o.h.b.i.BytecodeProviderInitiator        : HHH000021: Bytecode provider name : bytebuddy
2023-08-27 22:00:05.018  INFO 19288 --- [restartedMain] o.h.e.t.j.p.i.JtaPlatformInitiator       : HHH000490: Using JtaPlatform implementation: [org.hibernate.engine.transaction.jta.platform.internal.NoJtaPlatform]
2023-08-27 22:00:08.943  INFO 19288 --- [restartedMain] j.LocalContainerEntityManagerFactoryBean : Initialized JPA EntityManagerFactory for persistence unit 'default'
2023-08-27 22:00:09.026  WARN 19288 --- [restartedMain] ocalVariableTableParameterNameDiscoverer : Using deprecated '-debug' fallback for parameter name resolution. Compile the affected code with '-parameters' instead or avoid its introspection: com.example.share_portfolio.search.SearchRepository
2023-08-27 22:00:09.121  WARN 19288 --- [restartedMain] ocalVariableTableParameterNameDiscoverer : Using deprecated '-debug' fallback for parameter name resolution. Compile the affected code with '-parameters' instead or avoid its introspection: com.example.share_portfolio.user.UserRepository
2023-08-27 22:00:09.165  WARN 19288 --- [restartedMain] JpaBaseConfiguration$JpaWebConfiguration : spring.jpa.open-in-view is enabled by default. Therefore, database queries may be performed during view rendering. Explicitly configure spring.jpa.open-in-view to disable this warning
2023-08-27 22:00:09.220  INFO 19288 --- [restartedMain] o.s.s.web.DefaultSecurityFilterChain     : Will secure any request with [org.springframework.security.web.session.DisableEncodeUrlFilter@3d083a54, org.springframework.security.web.context.request.async.WebAsyncManagerIntegrationFilter@61b2f5b8, org.springframework.security.web.context.SecurityContextHolderFilter@309f204b, org.springframework.security.web.header.HeaderWriterFilter@20d12d49, org.springframework.security.web.csrf.CsrfFilter@dc6ac5b, org.springframework.security.web.authentication.logout.LogoutFilter@268000a8, org.springframework.security.web.authentication.UsernamePasswordAuthenticationFilter@28b79161, org.springframework.security.web.savedrequest.RequestCacheAwareFilter@883e677, org.springframework.security.web.servletapi.SecurityContextHolderAwareRequestFilter@51e1d698, org.springframework.security.web.authentication.AnonymousAuthenticationFilter@53f7e592, org.springframework.security.web.access.ExceptionTranslationFilter@3c2ca2f5, org.springframework.security.web.access.intercept.AuthorizationFilter@54ecd377]
2023-08-27 22:00:09.494  INFO 19288 --- [restartedMain] o.s.b.d.a.OptionalLiveReloadServer       : LiveReload server is running on port 35729
2023-08-27 22:00:09.511  INFO 19288 --- [restartedMain] o.s.b.w.embedded.tomcat.TomcatWebServer  : Tomcat started on port(s): 8080 (http) with context path ''
2023-08-27 22:00:09.518  INFO 19288 --- [restartedMain] c.e.s.SharePortfolioApplication          : Started SharePortfolioApplication in 9.057 seconds (process running for 5356.024)
2023-08-27 22:00:09.523  INFO 19288 --- [restartedMain] .ConditionEvaluationDeltaLoggingListener : Condition evaluation unchanged
